TN:
SF:src\shared\hooks\useGlobalFilters.ts
FN:10,(anonymous_0)
FN:20,(anonymous_1)
FN:29,useGlobalFilters
FN:31,(anonymous_3)
FN:38,useGlobalFiltersState
FN:42,useGlobalFiltersActions
FNF:6
FNH:2
FNDA:19,(anonymous_0)
FNDA:0,(anonymous_1)
FNDA:0,useGlobalFilters
FNDA:0,(anonymous_3)
FNDA:5,useGlobalFiltersState
FNDA:0,useGlobalFiltersActions
DA:10,19
DA:20,1
DA:30,0
DA:31,0
DA:39,5
DA:43,0
LF:6
LH:3
BRF:0
BRH:0
end_of_record
TN:
SF:src\shared\hooks\useTimeRange.ts
FN:20,useTimeRange
FN:23,(anonymous_1)
FNF:2
FNH:2
FNDA:5,useTimeRange
FNDA:5,(anonymous_1)
DA:21,5
DA:23,5
DA:24,5
DA:25,1
DA:37,4
DA:38,1
DA:50,3
LF:7
LH:7
BRDA:24,0,0,1
BRDA:24,0,1,4
BRDA:37,1,0,1
BRDA:37,1,1,3
BRDA:37,2,0,4
BRDA:37,2,1,3
BRF:6
BRH:6
end_of_record
TN:
SF:src\shared\stores\comparison.store.ts
FN:13,normalizeId
FN:17,normalizeMetrics
FN:18,(anonymous_2)
FN:18,(anonymous_3)
FN:22,addSelectedId
FN:36,applyEntityTypeChange
FN:49,(anonymous_6)
FN:51,(anonymous_7)
FN:58,(anonymous_8)
FN:63,(anonymous_9)
FN:70,(anonymous_10)
FN:72,(anonymous_11)
FN:75,(anonymous_12)
FN:76,(anonymous_13)
FN:81,(anonymous_14)
FN:82,(anonymous_15)
FN:84,(anonymous_16)
FN:85,(anonymous_17)
FNF:18
FNH:18
FNDA:10,normalizeId
FNDA:1,normalizeMetrics
FNDA:2,(anonymous_2)
FNDA:2,(anonymous_3)
FNDA:8,addSelectedId
FNDA:1,applyEntityTypeChange
FNDA:1,(anonymous_6)
FNDA:9,(anonymous_7)
FNDA:8,(anonymous_8)
FNDA:1,(anonymous_9)
FNDA:1,(anonymous_10)
FNDA:2,(anonymous_11)
FNDA:1,(anonymous_12)
FNDA:1,(anonymous_13)
FNDA:1,(anonymous_14)
FNDA:1,(anonymous_15)
FNDA:1,(anonymous_16)
FNDA:1,(anonymous_17)
DA:5,1
DA:7,1
DA:14,10
DA:18,2
DA:19,1
DA:23,8
DA:24,1
DA:27,7
DA:29,7
DA:30,6
DA:33,1
DA:37,1
DA:38,0
DA:41,1
DA:49,1
DA:52,9
DA:54,9
DA:55,1
DA:58,8
DA:64,1
DA:66,1
DA:67,0
DA:70,1
DA:72,2
DA:76,1
DA:82,1
DA:85,1
LF:27
LH:25
BRDA:23,0,0,1
BRDA:23,0,1,7
BRDA:29,1,0,6
BRDA:29,1,1,1
BRDA:37,2,0,0
BRDA:37,2,1,1
BRDA:54,3,0,1
BRDA:54,3,1,8
BRDA:66,4,0,0
BRDA:66,4,1,1
BRF:10
BRH:8
end_of_record
TN:
SF:src\shared\stores\globalFilters.store.ts
FN:20,applyTimeRange
FN:38,setVenueValue
FN:45,(anonymous_2)
FN:47,(anonymous_3)
FN:48,(anonymous_4)
FN:53,(anonymous_5)
FN:54,(anonymous_6)
FN:59,(anonymous_7)
FN:60,(anonymous_8)
FN:65,(anonymous_9)
FN:66,(anonymous_10)
FN:68,(anonymous_11)
FN:69,(anonymous_12)
FN:71,(anonymous_13)
FN:72,(anonymous_14)
FNF:15
FNH:6
FNDA:8,applyTimeRange
FNDA:0,setVenueValue
FNDA:2,(anonymous_2)
FNDA:0,(anonymous_3)
FNDA:0,(anonymous_4)
FNDA:0,(anonymous_5)
FNDA:0,(anonymous_6)
FNDA:2,(anonymous_7)
FNDA:2,(anonymous_8)
FNDA:0,(anonymous_9)
FNDA:0,(anonymous_10)
FNDA:8,(anonymous_11)
FNDA:8,(anonymous_12)
FNDA:0,(anonymous_13)
FNDA:0,(anonymous_14)
DA:10,2
DA:21,8
DA:22,5
DA:30,3
DA:39,0
DA:45,2
DA:48,0
DA:54,0
DA:60,2
DA:66,0
DA:69,8
DA:72,0
LF:12
LH:7
BRDA:21,0,0,5
BRDA:21,0,1,3
BRF:2
BRH:2
end_of_record
